2021-05-19 11:06:52 INFO  Main:9 - This is Logger Info
2021-05-19 13:15:06 INFO  MainLog4j:10 - This is Logger Info
2022-04-04 17:30:37 INFO  MainLog4j:10 - This is Logger Info
2022-04-04 17:37:49 INFO  MainLog4j:10 - This is Logger Info
2022-04-04 17:37:49 DEBUG Log4jManager:13 - ProcessA 0
2022-04-04 17:37:49 DEBUG Log4jManager:12 - ProcessB 0
2022-04-04 17:37:51 DEBUG Log4jManager:12 - ProcessB 1
2022-04-04 17:37:52 DEBUG Log4jManager:13 - ProcessA 1
2022-04-04 17:37:56 DEBUG Log4jManager:12 - ProcessB 2
2022-04-04 17:37:57 DEBUG Log4jManager:13 - ProcessA 2
2022-04-04 17:37:58 DEBUG Log4jManager:13 - ProcessA 3
2022-04-04 17:38:00 DEBUG Log4jManager:12 - ProcessB 3
2022-04-04 17:38:01 DEBUG Log4jManager:13 - ProcessA 4
2022-04-04 17:38:02 DEBUG Log4jManager:12 - ProcessB 4
2022-04-04 17:38:03 DEBUG Log4jManager:13 - ProcessA 5
2022-04-04 17:38:06 DEBUG Log4jManager:13 - ProcessA 6
2022-04-04 17:38:06 DEBUG Log4jManager:12 - ProcessB 5
2022-04-04 17:38:10 DEBUG Log4jManager:12 - ProcessB 6
2022-04-04 17:38:10 DEBUG Log4jManager:13 - ProcessA 7
2022-04-04 17:38:11 DEBUG Log4jManager:12 - ProcessB 7
2022-04-04 17:38:12 DEBUG Log4jManager:13 - ProcessA 8
2022-04-04 17:38:13 DEBUG Log4jManager:13 - ProcessA 9
2022-04-04 17:38:15 DEBUG Log4jManager:12 - ProcessB 8
2022-04-04 17:38:17 DEBUG Log4jManager:12 - ProcessB 9
2022-04-04 17:39:37 INFO  MainLog4j:10 - This is Logger Info
2022-04-04 17:39:37 DEBUG Log4jManager:13 - ProcessA 0
2022-04-04 17:39:37 DEBUG Log4jManager:12 - ProcessB 0
2022-04-04 17:39:39 DEBUG Log4jManager:12 - ProcessB 1
2022-04-04 17:39:39 DEBUG Log4jManager:13 - ProcessA 1
2022-04-04 17:39:40 DEBUG Log4jManager:12 - ProcessB 2
2022-04-04 17:39:41 DEBUG Log4jManager:13 - ProcessA 2
2022-04-04 17:39:42 DEBUG Log4jManager:12 - ProcessB 3
2022-04-04 17:39:44 DEBUG Log4jManager:13 - ProcessA 3
2022-04-04 17:39:45 DEBUG Log4jManager:12 - ProcessB 4
2022-04-04 17:39:48 DEBUG Log4jManager:12 - ProcessB 5
2022-04-04 17:39:49 DEBUG Log4jManager:13 - ProcessA 4
2022-04-04 17:39:50 DEBUG Log4jManager:12 - ProcessB 6
2022-04-04 17:39:50 DEBUG Log4jManager:13 - ProcessA 5
2022-04-04 17:39:52 DEBUG Log4jManager:13 - ProcessA 6
2022-04-04 17:39:52 DEBUG Log4jManager:12 - ProcessB 7
2022-04-04 17:39:56 DEBUG Log4jManager:13 - ProcessA 7
2022-04-04 17:39:57 DEBUG Log4jManager:12 - ProcessB 8
2022-04-04 17:39:57 DEBUG Log4jManager:13 - ProcessA 8
2022-04-04 17:39:59 DEBUG Log4jManager:12 - ProcessB 9
2022-04-04 17:40:00 DEBUG Log4jManager:13 - ProcessA 9
2022-04-04 17:45:07 INFO  MainLog4j:10 - This is Logger Info
2022-04-04 17:45:07 DEBUG Log4jManager:13 - ProcessA 0
2022-04-04 17:45:07 DEBUG Log4jManager:12 - ProcessB 0
2022-04-04 17:45:09 DEBUG Log4jManager:13 - ProcessA 1
2022-04-04 17:45:09 DEBUG Log4jManager:12 - ProcessB 1
2022-04-04 17:45:12 DEBUG Log4jManager:13 - ProcessA 2
2022-04-04 17:45:13 DEBUG Log4jManager:12 - ProcessB 2
2022-04-04 17:45:15 DEBUG Log4jManager:13 - ProcessA 3
2022-04-04 17:45:15 DEBUG Log4jManager:12 - ProcessB 3
2022-04-04 17:45:18 DEBUG Log4jManager:12 - ProcessB 4
2022-04-04 17:45:19 DEBUG Log4jManager:13 - ProcessA 4
2022-04-04 17:45:22 DEBUG Log4jManager:12 - ProcessB 5
2022-04-04 17:45:22 DEBUG Log4jManager:13 - ProcessA 5
2022-04-04 17:45:25 DEBUG Log4jManager:13 - ProcessA 6
2022-04-04 17:45:25 DEBUG Log4jManager:12 - ProcessB 6
2022-04-04 17:45:26 DEBUG Log4jManager:13 - ProcessA 7
2022-04-04 17:45:27 DEBUG Log4jManager:12 - ProcessB 7
2022-04-04 17:45:29 DEBUG Log4jManager:12 - ProcessB 8
2022-04-04 17:45:30 DEBUG Log4jManager:13 - ProcessA 8
2022-04-04 17:45:32 DEBUG Log4jManager:12 - ProcessB 9
2022-04-04 17:45:35 DEBUG Log4jManager:13 - ProcessA 9
2022-04-04 17:45:39 DEBUG Log4jManager:13 - ProcessA 10
2022-04-04 17:45:42 DEBUG Log4jManager:13 - ProcessA 11
2022-04-04 17:45:45 DEBUG Log4jManager:13 - ProcessA 12
2022-04-04 17:45:47 DEBUG Log4jManager:13 - ProcessA 13
2022-04-04 17:45:51 DEBUG Log4jManager:13 - ProcessA 14
2022-04-05 09:22:15 INFO  MainLog4j:10 - This is Logger Info
2022-04-05 09:22:15 DEBUG Log4jManagerB:12 - ProcessB 0
2022-04-05 09:22:15 DEBUG Log4jManagerA:13 - ProcessA 0
2022-04-05 09:22:16 DEBUG Log4jManagerA:13 - ProcessA 1
2022-04-05 09:22:19 DEBUG Log4jManagerB:12 - ProcessB 1
2022-04-05 09:22:21 DEBUG Log4jManagerB:12 - ProcessB 2
2022-04-05 09:22:21 DEBUG Log4jManagerA:13 - ProcessA 2
2022-04-05 09:22:23 DEBUG Log4jManagerA:13 - ProcessA 3
2022-04-05 09:22:24 DEBUG Log4jManagerB:12 - ProcessB 3
2022-04-05 09:22:24 DEBUG Log4jManagerA:13 - ProcessA 4
2022-04-05 09:22:27 DEBUG Log4jManagerA:13 - ProcessA 5
2022-04-05 09:22:28 DEBUG Log4jManagerB:12 - ProcessB 4
2022-04-05 09:22:29 DEBUG Log4jManagerA:13 - ProcessA 6
2022-04-05 09:22:32 DEBUG Log4jManagerB:12 - ProcessB 5
2022-04-05 09:22:34 DEBUG Log4jManagerA:13 - ProcessA 7
2022-04-05 09:22:36 DEBUG Log4jManagerB:12 - ProcessB 6
2022-04-05 09:22:37 DEBUG Log4jManagerA:13 - ProcessA 8
2022-04-05 09:22:38 DEBUG Log4jManagerB:12 - ProcessB 7
2022-04-05 09:22:39 DEBUG Log4jManagerA:13 - ProcessA 9
2022-04-05 09:22:41 DEBUG Log4jManagerB:12 - ProcessB 8
2022-04-05 09:22:43 DEBUG Log4jManagerB:12 - ProcessB 9
2022-04-05 09:22:43 DEBUG Log4jManagerA:13 - ProcessA 10
2022-04-05 09:22:46 DEBUG Log4jManagerA:13 - ProcessA 11
2022-04-05 09:22:51 DEBUG Log4jManagerA:13 - ProcessA 12
2022-04-05 09:22:52 DEBUG Log4jManagerA:13 - ProcessA 13
2022-04-05 09:22:54 DEBUG Log4jManagerA:13 - ProcessA 14
2022-04-05 10:59:07 INFO  MainLog4j:10 - This is Logger Info
2022-04-05 10:59:07 DEBUG Log4jManagerB:12 - ProcessB 0
2022-04-05 10:59:07 DEBUG Log4jManagerA:12 - Process A 0
2022-04-05 10:59:10 DEBUG Log4jManagerA:12 - Process A 1
2022-04-05 10:59:11 DEBUG Log4jManagerB:12 - ProcessB 1
2022-04-05 10:59:12 DEBUG Log4jManagerA:12 - Process A 2
2022-04-05 10:59:13 DEBUG Log4jManagerB:12 - ProcessB 2
2022-04-05 10:59:16 DEBUG Log4jManagerA:12 - Process A 3
2022-04-05 10:59:16 DEBUG Log4jManagerB:12 - ProcessB 3
2022-04-05 10:59:20 DEBUG Log4jManagerA:12 - Process A 4
2022-04-05 10:59:20 DEBUG Log4jManagerB:12 - ProcessB 4
2022-04-05 10:59:22 DEBUG Log4jManagerB:12 - ProcessB 5
2022-04-05 10:59:24 DEBUG Log4jManagerA:12 - Process A 5
2022-04-05 10:59:24 DEBUG Log4jManagerB:12 - ProcessB 6
2022-04-05 10:59:27 DEBUG Log4jManagerA:12 - Process A 6
2022-04-05 10:59:28 DEBUG Log4jManagerB:12 - ProcessB 7
2022-04-05 10:59:30 DEBUG Log4jManagerB:12 - ProcessB 8
2022-04-05 10:59:30 DEBUG Log4jManagerA:12 - Process A 7
2022-04-05 10:59:31 DEBUG Log4jManagerB:12 - ProcessB 9
2022-04-05 10:59:33 DEBUG Log4jManagerA:12 - Process A 8
2022-04-05 10:59:37 DEBUG Log4jManagerA:12 - Process A 9
2022-04-05 10:59:39 DEBUG Log4jManagerA:12 - Process A 10
2022-04-05 10:59:41 DEBUG Log4jManagerA:12 - Process A 11
2022-04-05 10:59:45 DEBUG Log4jManagerA:12 - Process A 12
2022-04-05 10:59:49 DEBUG Log4jManagerA:12 - Process A 13
2022-04-05 10:59:54 DEBUG Log4jManagerA:12 - Process A 14
2022-04-05 11:34:23 INFO  MainLog4j:10 - This is Logger Info
2022-04-05 11:34:23 DEBUG Log4jManagerB:12 - ProcessB 0
2022-04-05 11:34:23 DEBUG Log4jManagerA:12 - Process A 0
2022-04-05 11:34:26 DEBUG Log4jManagerB:12 - ProcessB 1
2022-04-05 11:34:27 DEBUG Log4jManagerA:12 - Process A 1
2022-04-05 11:34:28 DEBUG Log4jManagerB:12 - ProcessB 2
2022-04-05 11:34:29 DEBUG Log4jManagerA:12 - Process A 2
2022-04-05 11:34:31 DEBUG Log4jManagerB:12 - ProcessB 3
2022-04-05 11:34:33 DEBUG Log4jManagerB:12 - ProcessB 4
2022-04-05 11:34:33 DEBUG Log4jManagerA:12 - Process A 3
2022-04-05 11:34:35 DEBUG Log4jManagerB:12 - ProcessB 5
2022-04-05 11:34:35 DEBUG Log4jManagerA:12 - Process A 4
2022-04-05 11:34:38 DEBUG Log4jManagerA:12 - Process A 5
2022-04-05 11:34:39 DEBUG Log4jManagerB:12 - ProcessB 6
2022-04-05 11:34:42 DEBUG Log4jManagerB:12 - ProcessB 7
2022-04-05 11:34:42 DEBUG Log4jManagerA:12 - Process A 6
2022-04-05 11:34:45 DEBUG Log4jManagerA:12 - Process A 7
2022-04-05 11:34:47 DEBUG Log4jManagerB:12 - ProcessB 8
2022-04-05 11:34:49 DEBUG Log4jManagerB:12 - ProcessB 9
2022-04-05 11:34:49 DEBUG Log4jManagerA:12 - Process A 8
2022-04-05 11:34:51 DEBUG Log4jManagerA:12 - Process A 9
2022-04-05 11:34:53 DEBUG Log4jManagerA:12 - Process A 10
2022-04-05 11:34:57 DEBUG Log4jManagerA:12 - Process A 11
2022-04-05 11:35:00 DEBUG Log4jManagerA:12 - Process A 12
2022-04-05 11:35:02 DEBUG Log4jManagerA:12 - Process A 13
2022-04-05 11:35:06 DEBUG Log4jManagerA:12 - Process A 14
2022-04-05 11:58:05 INFO  MainLog4j:10 - This is Logger Info
2022-04-05 11:58:05 DEBUG Log4jManagerB:12 - ProcessB 0
2022-04-05 11:58:05 DEBUG Log4jManagerA:12 - Process A 0
2022-04-05 11:58:06 DEBUG Log4jManagerA:12 - Process A 1
2022-04-05 11:58:10 DEBUG Log4jManagerB:12 - ProcessB 1
2022-04-05 11:58:10 DEBUG Log4jManagerA:12 - Process A 2
2022-04-05 11:58:12 DEBUG Log4jManagerB:12 - ProcessB 2
2022-04-05 11:58:13 DEBUG Log4jManagerA:12 - Process A 3
2022-04-05 11:58:13 DEBUG Log4jManagerB:12 - ProcessB 3
2022-04-05 11:58:18 DEBUG Log4jManagerB:12 - ProcessB 4
2022-04-05 11:58:18 DEBUG Log4jManagerA:12 - Process A 4
2022-04-05 11:58:20 DEBUG Log4jManagerB:12 - ProcessB 5
2022-04-05 11:58:22 DEBUG Log4jManagerA:12 - Process A 5
2022-04-05 11:58:22 DEBUG Log4jManagerB:12 - ProcessB 6
2022-04-05 11:58:23 DEBUG Log4jManagerA:12 - Process A 6
2022-04-05 11:58:26 DEBUG Log4jManagerB:12 - ProcessB 7
2022-04-05 11:58:28 DEBUG Log4jManagerA:12 - Process A 7
2022-04-05 11:58:29 DEBUG Log4jManagerB:12 - ProcessB 8
2022-04-05 11:58:32 DEBUG Log4jManagerB:12 - ProcessB 9
2022-04-05 11:58:32 DEBUG Log4jManagerA:12 - Process A 8
2022-04-05 11:58:36 DEBUG Log4jManagerA:12 - Process A 9
2022-04-05 11:58:40 DEBUG Log4jManagerA:12 - Process A 10
2022-04-05 11:58:42 DEBUG Log4jManagerA:12 - Process A 11
2022-04-05 11:58:46 DEBUG Log4jManagerA:12 - Process A 12
2022-04-05 11:58:47 DEBUG Log4jManagerA:12 - Process A 13
2022-04-05 11:58:49 DEBUG Log4jManagerA:12 - Process A 14
2022-04-05 12:02:27 INFO  MainLog4j:10 - This is Logger Info
2022-04-05 12:02:27 DEBUG Log4jManagerA:12 - Process A 0
2022-04-05 12:02:27 DEBUG Log4jManagerB:12 - ProcessB 0
2022-04-05 12:02:28 DEBUG Log4jManagerB:12 - ProcessB 1
2022-04-05 12:02:28 DEBUG Log4jManagerA:12 - Process A 1
2022-04-05 12:02:31 DEBUG Log4jManagerA:12 - Process A 2
2022-04-05 12:02:31 DEBUG Log4jManagerB:12 - ProcessB 2
2022-04-05 12:02:34 DEBUG Log4jManagerB:12 - ProcessB 3
2022-04-05 12:02:36 DEBUG Log4jManagerA:12 - Process A 3
2022-04-05 12:02:37 DEBUG Log4jManagerA:12 - Process A 4
2022-04-05 12:02:38 DEBUG Log4jManagerB:12 - ProcessB 4
2022-04-05 12:02:41 DEBUG Log4jManagerB:12 - ProcessB 5
2022-04-05 12:02:41 DEBUG Log4jManagerA:12 - Process A 5
2022-04-05 12:02:42 DEBUG Log4jManagerB:12 - ProcessB 6
2022-04-05 12:02:43 DEBUG Log4jManagerA:12 - Process A 6
2022-04-05 12:02:43 DEBUG Log4jManagerB:12 - ProcessB 7
2022-04-05 12:02:46 DEBUG Log4jManagerB:12 - ProcessB 8
2022-04-05 12:02:46 DEBUG Log4jManagerA:12 - Process A 7
2022-04-05 12:02:48 DEBUG Log4jManagerA:12 - Process A 8
2022-04-05 12:02:48 DEBUG Log4jManagerB:12 - ProcessB 9
2022-04-05 12:02:51 DEBUG Log4jManagerA:12 - Process A 9
2022-04-05 12:02:53 DEBUG Log4jManagerA:12 - Process A 10
2022-04-05 12:02:57 DEBUG Log4jManagerA:12 - Process A 11
2022-04-05 12:03:00 DEBUG Log4jManagerA:12 - Process A 12
2022-04-05 12:03:03 DEBUG Log4jManagerA:12 - Process A 13
2022-04-05 12:03:08 DEBUG Log4jManagerA:12 - Process A 14
2022-04-05 16:14:51 INFO  MainLog4j:10 - This is Logger Info
2022-04-05 16:14:51 DEBUG Log4jManagerA:10 - Process A 0
2022-04-05 16:14:51 DEBUG Log4jManagerB:10 - ProcessB 0
2022-04-05 16:14:54 DEBUG Log4jManagerA:10 - Process A 1
2022-04-05 16:14:55 DEBUG Log4jManagerB:10 - ProcessB 1
2022-04-05 16:14:56 DEBUG Log4jManagerA:10 - Process A 2
2022-04-05 16:14:58 DEBUG Log4jManagerB:10 - ProcessB 2
